{
  "RSpec": {
    "coverage": {
      "/Users/igorsimdyanov/www/test.dev/dz_ror/v.zaika/vitaly/TestTODO/app/helpers/application_helper.rb": {
        "lines": [
          null,
          null,
          1,
          1,
          0,
          null,
          null,
          1,
          0,
          0,
          null,
          null,
          null
        ]
      },
      "/Users/igorsimdyanov/www/test.dev/dz_ror/v.zaika/vitaly/TestTODO/app/models/role.rb": {
        "lines": [
          null,
          null,
          1,
          1,
          1,
          1,
          1,
          1,
          1,
          1,
          null
        ]
      },
      "/Users/igorsimdyanov/www/test.dev/dz_ror/v.zaika/vitaly/TestTODO/app/models/event.rb": {
        "lines": [
          null,
          null,
          1,
          1,
          1,
          1,
          1,
          1,
          1,
          null,
          1,
          null,
          1,
          0,
          null,
          null,
          1,
          0,
          null,
          null
        ]
      }
    },
    "timestamp": 1653594988
  }
}
