{
  "RSpec": {
    "coverage": {
      "/home/vip/Geekbrains/TestTODO/app/helpers/application_helper.rb": {
        "lines": [
          null,
          null,
          1,
          1,
          0,
          null,
          null,
          1,
          0,
          0,
          null,
          null,
          null
        ]
      },
      "/home/vip/Geekbrains/TestTODO/app/models/event.rb": {
        "lines": [
          null,
          null,
          1,
          1,
          1,
          1,
          1,
          1,
          1,
          null,
          1,
          null,
          1,
          0,
          null,
          null,
          1,
          0,
          null,
          null
        ]
      },
      "/home/vip/Geekbrains/TestTODO/spec/models/user_spec.rb": {
        "lines": [
          1,
          null,
          1,
          6,
          null,
          2,
          2,
          2,
          2,
          2,
          null,
          null
        ]
      }
    },
    "timestamp": 1653595154
  }
}
